<html>
<head>
<title>TestNG:  Default test</title>
<link href="../testng.css" rel="stylesheet" type="text/css" />
<link href="../my-testng.css" rel="stylesheet" type="text/css" />

<style type="text/css">
.log { display: none;} 
.stack-trace { display: none;} 
</style>
<script type="text/javascript">
<!--
function flip(e) {
  current = e.style.display;
  if (current == 'block') {
    e.style.display = 'none';
    return 0;
  }
  else {
    e.style.display = 'block';
    return 1;
  }
}

function toggleBox(szDivId, elem, msg1, msg2)
{
  var res = -1;  if (document.getElementById) {
    res = flip(document.getElementById(szDivId));
  }
  else if (document.all) {
    // this is the way old msie versions work
    res = flip(document.all[szDivId]);
  }
  if(elem) {
    if(res == 0) elem.innerHTML = msg1; else elem.innerHTML = msg2;
  }

}

function toggleAllBoxes() {
  if (document.getElementsByTagName) {
    d = document.getElementsByTagName('div');
    for (i = 0; i < d.length; i++) {
      if (d[i].className == 'log') {
        flip(d[i]);
      }
    }
  }
}

// -->
</script>

</head>
<body>
<h2 align='center'>Default test</h2><table border='1' align="center">
<tr>
<td>Tests passed/Failed/Skipped:</td><td>0/0/7</td>
</tr><tr>
<td>Started on:</td><td>Fri Jan 03 11:14:32 IST 2020</td>
</tr>
<tr><td>Total time:</td><td>7 seconds (7378 ms)</td>
</tr><tr>
<td>Included groups:</td><td></td>
</tr><tr>
<td>Excluded groups:</td><td></td>
</tr>
</table><p/>
<small><i>(Hover the method name to see the test class name)</i></small><p/>
<table width='100%' border='1' class='invocation-failed'>
<tr><td colspan='4' align='center'><b>FAILED CONFIGURATIONS</b></td></tr>
<tr><td><b>Test method</b></td>
<td width="30%"><b>Exception</b></td>
<td width="10%"><b>Time (seconds)</b></td>
<td><b>Instance</b></td>
</tr>
<tr>
<td title='timesheetauto.CompanyProfile.setUp()'><b>setUp</b><br>Test class: timesheetauto.CompanyProfile</td>
<td><div><pre>org.openqa.selenium.NoSuchWindowException: no such window: target window already closed
from unknown error: web view not found
  (Session info: chrome=79.0.3945.88)
  (Driver info: chromedriver=2.36.540470 (e522d04694c7ebea4ba8821272dbef4f9b818c91),platform=Windows NT 6.1.7600 x86_64) (WARNING: The server did not provide any stacktrace information)
Command duration or timeout: 36 milliseconds
Build info: version: &apos;3.0.0&apos;, revision: &apos;350cf60&apos;, time: &apos;2016-10-13 10:48:16 -0700&apos;
System info: host: &apos;neerajtestinpc&apos;, ip: &apos;192.168.1.184&apos;, os.name: &apos;Windows 7&apos;, os.arch: &apos;amd64&apos;, os.version: &apos;6.1&apos;, java.version: &apos;1.8.0_221&apos;
Driver info: org.openqa.selenium.chrome.ChromeDriver
Capabilities [{applicationCacheEnabled=false, rotatable=false, mobileEmulationEnabled=false, networkConnectionEnabled=false, chrome={chromedriverVersion=2.36.540470 (e522d04694c7ebea4ba8821272dbef4f9b818c91), userDataDir=C:\Users\NEERAJ~1\AppData\Local\Temp\scoped_dir1408_29239}, takesHeapSnapshot=true, pageLoadStrategy=normal, databaseEnabled=false, handlesAlerts=true, hasTouchScreen=false, version=79.0.3945.88, platform=XP, browserConnectionEnabled=false, nativeEvents=true, acceptSslCerts=false, acceptInsecureCerts=false, locationContextEnabled=true, webStorageEnabled=true, browserName=chrome, takesScreenshot=true, javascriptEnabled=true, cssSelectorsEnabled=true, setWindowRect=true, unexpectedAlertBehaviour=}]
Session ID: 0d6702f47b0674715f4ecf710ddb5d9a
*** Element info: {Using=xpath, value=//span[contains(text(),&apos;Company Profile&apos;)]}
	at sun.reflect.NativeConstructorAccessorImpl.newInstance0(Native Method)
	at sun.reflect.NativeConstructorAccessorImpl.newInstance(Unknown Source)
	at sun.reflect.DelegatingConstructorAccessorImpl.newInstance(Unknown Source)
	at java.lang.reflect.Constructor.newInstance(Unknown Source)
	at org.openqa.selenium.remote.ErrorHandler.createThrowable(ErrorHandler.java:216)
	at org.openqa.selenium.remote.ErrorHandler.throwIfResponseFailed(ErrorHandler.java:168)
	at org.openqa.selenium.remote.RemoteWebDriver.execute(RemoteWebDriver.java:635)
	at org.openqa.selenium.remote.RemoteWebDriver.findElement(RemoteWebDriver.java:368)
	at org.openqa.selenium.remote.RemoteWebDriver.findElementByXPath(RemoteWebDriver.java:473)
	at org.openqa.selenium.By$ByXPath.findElement(By.java:361)
	at org.openqa.selenium.remote.RemoteWebDriver.findElement(RemoteWebDriver.java:360)
	at timesheetauto.CompanyProfile.setUp(CompanyProfile.java:31)
	at sun.reflect.NativeMethodAccessorImpl.invoke0(Native Method)
	at sun.reflect.NativeMethodAccessorImpl.invoke(Unknown Source)
	at sun.reflect.DelegatingMethodAccessorImpl.invoke(Unknown Source)
	at java.lang.reflect.Method.invoke(Unknown Source)
	at org.testng.internal.MethodInvocationHelper.invokeMethod(MethodInvocationHelper.java:86)
	at org.testng.internal.Invoker.invokeConfigurationMethod(Invoker.java:514)
	at org.testng.internal.Invoker.invokeConfigurations(Invoker.java:215)
	at org.testng.internal.Invoker.invokeMethod(Invoker.java:589)
	at org.testng.internal.Invoker.invokeTestMethod(Invoker.java:822)
	at org.testng.internal.Invoker.invokeTestMethods(Invoker.java:1130)
	at org.testng.internal.TestMethodWorker.invokeTestMethods(TestMethodWorker.java:129)
	at org.testng.internal.TestMethodWorker.run(TestMethodWorker.java:112)
	at org.testng.TestRunner.privateRun(TestRunner.java:782)
	at org.testng.TestRunner.run(TestRunner.java:632)
	at org.testng.SuiteRunner.runTest(SuiteRunner.java:366)
	at org.testng.SuiteRunner.runSequentially(SuiteRunner.java:361)
	at org.testng.SuiteRunner.privateRun(SuiteRunner.java:319)
	at org.testng.SuiteRunner.run(SuiteRunner.java:268)
	at org.testng.SuiteRunnerWorker.runSuite(SuiteRunnerWorker.java:52)
	at org.testng.SuiteRunnerWorker.run(SuiteRunnerWorker.java:86)
	at org.testng.TestNG.runSuitesSequentially(TestNG.java:1244)
	at org.testng.TestNG.runSuitesLocally(TestNG.java:1169)
	at org.testng.TestNG.run(TestNG.java:1064)
	at org.testng.remote.RemoteTestNG.run(RemoteTestNG.java:113)
	at org.testng.remote.RemoteTestNG.initAndRun(RemoteTestNG.java:206)
	at org.testng.remote.RemoteTestNG.main(RemoteTestNG.java:177)
</pre></div><a href='#' onClick='toggleBox("stack-trace777379084", this, "Click to show all stack frames", "Click to hide stack frames")'>Click to show all stack frames</a>
<div class='stack-trace' id='stack-trace777379084'><pre>org.openqa.selenium.NoSuchWindowException: no such window: target window already closed
from unknown error: web view not found
  (Session info: chrome=79.0.3945.88)
  (Driver info: chromedriver=2.36.540470 (e522d04694c7ebea4ba8821272dbef4f9b818c91),platform=Windows NT 6.1.7600 x86_64) (WARNING: The server did not provide any stacktrace information)
Command duration or timeout: 36 milliseconds
Build info: version: &apos;3.0.0&apos;, revision: &apos;350cf60&apos;, time: &apos;2016-10-13 10:48:16 -0700&apos;
System info: host: &apos;neerajtestinpc&apos;, ip: &apos;192.168.1.184&apos;, os.name: &apos;Windows 7&apos;, os.arch: &apos;amd64&apos;, os.version: &apos;6.1&apos;, java.version: &apos;1.8.0_221&apos;
Driver info: org.openqa.selenium.chrome.ChromeDriver
Capabilities [{applicationCacheEnabled=false, rotatable=false, mobileEmulationEnabled=false, networkConnectionEnabled=false, chrome={chromedriverVersion=2.36.540470 (e522d04694c7ebea4ba8821272dbef4f9b818c91), userDataDir=C:\Users\NEERAJ~1\AppData\Local\Temp\scoped_dir1408_29239}, takesHeapSnapshot=true, pageLoadStrategy=normal, databaseEnabled=false, handlesAlerts=true, hasTouchScreen=false, version=79.0.3945.88, platform=XP, browserConnectionEnabled=false, nativeEvents=true, acceptSslCerts=false, acceptInsecureCerts=false, locationContextEnabled=true, webStorageEnabled=true, browserName=chrome, takesScreenshot=true, javascriptEnabled=true, cssSelectorsEnabled=true, setWindowRect=true, unexpectedAlertBehaviour=}]
Session ID: 0d6702f47b0674715f4ecf710ddb5d9a
*** Element info: {Using=xpath, value=//span[contains(text(),&apos;Company Profile&apos;)]}
	at sun.reflect.NativeConstructorAccessorImpl.newInstance0(Native Method)
	at sun.reflect.NativeConstructorAccessorImpl.newInstance(Unknown Source)
	at sun.reflect.DelegatingConstructorAccessorImpl.newInstance(Unknown Source)
	at java.lang.reflect.Constructor.newInstance(Unknown Source)
	at org.openqa.selenium.remote.ErrorHandler.createThrowable(ErrorHandler.java:216)
	at org.openqa.selenium.remote.ErrorHandler.throwIfResponseFailed(ErrorHandler.java:168)
	at org.openqa.selenium.remote.RemoteWebDriver.execute(RemoteWebDriver.java:635)
	at org.openqa.selenium.remote.RemoteWebDriver.findElement(RemoteWebDriver.java:368)
	at org.openqa.selenium.remote.RemoteWebDriver.findElementByXPath(RemoteWebDriver.java:473)
	at org.openqa.selenium.By$ByXPath.findElement(By.java:361)
	at org.openqa.selenium.remote.RemoteWebDriver.findElement(RemoteWebDriver.java:360)
	at timesheetauto.CompanyProfile.setUp(CompanyProfile.java:31)
	at sun.reflect.NativeMethodAccessorImpl.invoke0(Native Method)
	at sun.reflect.NativeMethodAccessorImpl.invoke(Unknown Source)
	at sun.reflect.DelegatingMethodAccessorImpl.invoke(Unknown Source)
	at java.lang.reflect.Method.invoke(Unknown Source)
	at org.testng.internal.MethodInvocationHelper.invokeMethod(MethodInvocationHelper.java:86)
	at org.testng.internal.Invoker.invokeConfigurationMethod(Invoker.java:514)
	at org.testng.internal.Invoker.invokeConfigurations(Invoker.java:215)
	at org.testng.internal.Invoker.invokeMethod(Invoker.java:589)
	at org.testng.internal.Invoker.invokeTestMethod(Invoker.java:822)
	at org.testng.internal.Invoker.invokeTestMethods(Invoker.java:1130)
	at org.testng.internal.TestMethodWorker.invokeTestMethods(TestMethodWorker.java:129)
	at org.testng.internal.TestMethodWorker.run(TestMethodWorker.java:112)
	at org.testng.TestRunner.privateRun(TestRunner.java:782)
	at org.testng.TestRunner.run(TestRunner.java:632)
	at org.testng.SuiteRunner.runTest(SuiteRunner.java:366)
	at org.testng.SuiteRunner.runSequentially(SuiteRunner.java:361)
	at org.testng.SuiteRunner.privateRun(SuiteRunner.java:319)
	at org.testng.SuiteRunner.run(SuiteRunner.java:268)
	at org.testng.SuiteRunnerWorker.runSuite(SuiteRunnerWorker.java:52)
	at org.testng.SuiteRunnerWorker.run(SuiteRunnerWorker.java:86)
	at org.testng.TestNG.runSuitesSequentially(TestNG.java:1244)
	at org.testng.TestNG.runSuitesLocally(TestNG.java:1169)
	at org.testng.TestNG.run(TestNG.java:1064)
	at org.testng.remote.RemoteTestNG.run(RemoteTestNG.java:113)
	at org.testng.remote.RemoteTestNG.initAndRun(RemoteTestNG.java:206)
	at org.testng.remote.RemoteTestNG.main(RemoteTestNG.java:177)
</pre></div></td>
<td>0</td>
<td>timesheetauto.CompanyProfile@1c53fd30</td></tr>
</table><p>
<table width='100%' border='1' class='invocation-skipped'>
<tr><td colspan='4' align='center'><b>SKIPPED CONFIGURATIONS</b></td></tr>
<tr><td><b>Test method</b></td>
<td width="30%"><b>Exception</b></td>
<td width="10%"><b>Time (seconds)</b></td>
<td><b>Instance</b></td>
</tr>
<tr>
<td title='timesheetauto.CompanyProfile.setUp()'><b>setUp</b><br>Test class: timesheetauto.CompanyProfile</td>
<td></td>
<td>0</td>
<td>timesheetauto.CompanyProfile@1c53fd30</td></tr>
<tr>
<td title='timesheetauto.CompanyProfile.setUp()'><b>setUp</b><br>Test class: timesheetauto.CompanyProfile</td>
<td></td>
<td>0</td>
<td>timesheetauto.CompanyProfile@1c53fd30</td></tr>
<tr>
<td title='timesheetauto.CompanyProfile.setUp()'><b>setUp</b><br>Test class: timesheetauto.CompanyProfile</td>
<td></td>
<td>0</td>
<td>timesheetauto.CompanyProfile@1c53fd30</td></tr>
<tr>
<td title='timesheetauto.CompanyProfile.setUp()'><b>setUp</b><br>Test class: timesheetauto.CompanyProfile</td>
<td></td>
<td>0</td>
<td>timesheetauto.CompanyProfile@1c53fd30</td></tr>
<tr>
<td title='timesheetauto.CompanyProfile.setUp()'><b>setUp</b><br>Test class: timesheetauto.CompanyProfile</td>
<td></td>
<td>0</td>
<td>timesheetauto.CompanyProfile@1c53fd30</td></tr>
<tr>
<td title='timesheetauto.CompanyProfile.setUp()'><b>setUp</b><br>Test class: timesheetauto.CompanyProfile</td>
<td></td>
<td>0</td>
<td>timesheetauto.CompanyProfile@1c53fd30</td></tr>
<tr>
<td title='timesheetauto.CompanyProfile.tearDown()'><b>tearDown</b><br>Test class: timesheetauto.CompanyProfile</td>
<td></td>
<td>0</td>
<td>timesheetauto.CompanyProfile@1c53fd30</td></tr>
<tr>
<td title='timesheetauto.CompanyProfile.tearDown()'><b>tearDown</b><br>Test class: timesheetauto.CompanyProfile</td>
<td></td>
<td>0</td>
<td>timesheetauto.CompanyProfile@1c53fd30</td></tr>
<tr>
<td title='timesheetauto.CompanyProfile.tearDown()'><b>tearDown</b><br>Test class: timesheetauto.CompanyProfile</td>
<td></td>
<td>0</td>
<td>timesheetauto.CompanyProfile@1c53fd30</td></tr>
<tr>
<td title='timesheetauto.CompanyProfile.tearDown()'><b>tearDown</b><br>Test class: timesheetauto.CompanyProfile</td>
<td></td>
<td>0</td>
<td>timesheetauto.CompanyProfile@1c53fd30</td></tr>
<tr>
<td title='timesheetauto.CompanyProfile.tearDown()'><b>tearDown</b><br>Test class: timesheetauto.CompanyProfile</td>
<td></td>
<td>0</td>
<td>timesheetauto.CompanyProfile@1c53fd30</td></tr>
<tr>
<td title='timesheetauto.CompanyProfile.tearDown()'><b>tearDown</b><br>Test class: timesheetauto.CompanyProfile</td>
<td></td>
<td>0</td>
<td>timesheetauto.CompanyProfile@1c53fd30</td></tr>
<tr>
<td title='timesheetauto.CompanyProfile.tearDown()'><b>tearDown</b><br>Test class: timesheetauto.CompanyProfile</td>
<td></td>
<td>0</td>
<td>timesheetauto.CompanyProfile@1c53fd30</td></tr>
</table><p>
<table width='100%' border='1' class='invocation-skipped'>
<tr><td colspan='4' align='center'><b>SKIPPED TESTS</b></td></tr>
<tr><td><b>Test method</b></td>
<td width="30%"><b>Exception</b></td>
<td width="10%"><b>Time (seconds)</b></td>
<td><b>Instance</b></td>
</tr>
<tr>
<td title='timesheetauto.CompanyProfile.CompanyInfoCancelButtonTest()'><b>CompanyInfoCancelButtonTest</b><br>Test class: timesheetauto.CompanyProfile</td>
<td></td>
<td>0</td>
<td>timesheetauto.CompanyProfile@1c53fd30</td></tr>
<tr>
<td title='timesheetauto.CompanyProfile.CompanyInfoFieldsTest()'><b>CompanyInfoFieldsTest</b><br>Test class: timesheetauto.CompanyProfile</td>
<td></td>
<td>0</td>
<td>timesheetauto.CompanyProfile@1c53fd30</td></tr>
<tr>
<td title='timesheetauto.CompanyProfile.CompanyInfoSaveButtonTest()'><b>CompanyInfoSaveButtonTest</b><br>Test class: timesheetauto.CompanyProfile</td>
<td></td>
<td>0</td>
<td>timesheetauto.CompanyProfile@1c53fd30</td></tr>
<tr>
<td title='timesheetauto.CompanyProfile.CompanyProfileCancelButtonTest()'><b>CompanyProfileCancelButtonTest</b><br>Test class: timesheetauto.CompanyProfile</td>
<td></td>
<td>0</td>
<td>timesheetauto.CompanyProfile@1c53fd30</td></tr>
<tr>
<td title='timesheetauto.CompanyProfile.CompanyProfileSaveButtonTest()'><b>CompanyProfileSaveButtonTest</b><br>Test class: timesheetauto.CompanyProfile</td>
<td></td>
<td>0</td>
<td>timesheetauto.CompanyProfile@1c53fd30</td></tr>
<tr>
<td title='timesheetauto.CompanyProfile.DetailButtonTest()'><b>DetailButtonTest</b><br>Test class: timesheetauto.CompanyProfile</td>
<td></td>
<td>0</td>
<td>timesheetauto.CompanyProfile@1c53fd30</td></tr>
<tr>
<td title='timesheetauto.CompanyProfile.EditButtonTest()'><b>EditButtonTest</b><br>Test class: timesheetauto.CompanyProfile</td>
<td></td>
<td>0</td>
<td>timesheetauto.CompanyProfile@1c53fd30</td></tr>
</table><p>
</body>
</html>