<?xml version="1.0" encoding="UTF-8"?>
<!-- Generated by org.testng.reporters.JUnitXMLReporter -->
<testsuite hostname="HT" name="Test" tests="12" failures="1" timestamp="3 Jan 2020 10:41:44 GMT" time="224.125" errors="0">
  <testcase name="VerifyCompanyInfoMandatoryfield" time="1.067" classname="timesheetauto.timesheetauto1"/>
  <testcase name="VerifyCompanyInfoPhnumfield" time="1.112" classname="timesheetauto.timesheetauto1"/>
  <testcase name="VerifyCompanyProfileCancelButtonTest" time="0.162" classname="timesheetauto.timesheetauto1">
    <failure type="org.openqa.selenium.ElementNotVisibleException" message="element not visible
  (Session info: chrome=79.0.3945.88)
  (Driver info: chromedriver=2.36.540470 (e522d04694c7ebea4ba8821272dbef4f9b818c91),platform=Windows NT 6.1.7600 x86_64) (WARNING: The server did not provide any stacktrace information)
Command duration or timeout: 21 milliseconds
Build info: version: &amp;apos;3.0.0&amp;apos;, revision: &amp;apos;350cf60&amp;apos;, time: &amp;apos;2016-10-13 10:48:16 -0700&amp;apos;
System info: host: &amp;apos;HT&amp;apos;, ip: &amp;apos;192.168.1.24&amp;apos;, os.name: &amp;apos;Windows 7&amp;apos;, os.arch: &amp;apos;amd64&amp;apos;, os.version: &amp;apos;6.1&amp;apos;, java.version: &amp;apos;1.8.0_144&amp;apos;
Driver info: org.openqa.selenium.chrome.ChromeDriver
Capabilities [{applicationCacheEnabled=false, rotatable=false, mobileEmulationEnabled=false, networkConnectionEnabled=false, chrome={chromedriverVersion=2.36.540470 (e522d04694c7ebea4ba8821272dbef4f9b818c91), userDataDir=C:\Users\Neeraj\AppData\Local\Temp\scoped_dir5912_9239}, takesHeapSnapshot=true, pageLoadStrategy=normal, databaseEnabled=false, handlesAlerts=true, hasTouchScreen=false, version=79.0.3945.88, platform=XP, browserConnectionEnabled=false, nativeEvents=true, acceptSslCerts=false, acceptInsecureCerts=false, locationContextEnabled=true, webStorageEnabled=true, browserName=chrome, takesScreenshot=true, javascriptEnabled=true, cssSelectorsEnabled=true, setWindowRect=true, unexpectedAlertBehaviour=}]
Session ID: 99f12ff3c91145b3f14123d1892129b1">
      <![CDATA[org.openqa.selenium.ElementNotVisibleException: element not visible
  (Session info: chrome=79.0.3945.88)
  (Driver info: chromedriver=2.36.540470 (e522d04694c7ebea4ba8821272dbef4f9b818c91),platform=Windows NT 6.1.7600 x86_64) (WARNING: The server did not provide any stacktrace information)
Command duration or timeout: 21 milliseconds
Build info: version: '3.0.0', revision: '350cf60', time: '2016-10-13 10:48:16 -0700'
System info: host: 'HT', ip: '192.168.1.24', os.name: 'Windows 7', os.arch: 'amd64', os.version: '6.1', java.version: '1.8.0_144'
Driver info: org.openqa.selenium.chrome.ChromeDriver
Capabilities [{applicationCacheEnabled=false, rotatable=false, mobileEmulationEnabled=false, networkConnectionEnabled=false, chrome={chromedriverVersion=2.36.540470 (e522d04694c7ebea4ba8821272dbef4f9b818c91), userDataDir=C:\Users\Neeraj\AppData\Local\Temp\scoped_dir5912_9239}, takesHeapSnapshot=true, pageLoadStrategy=normal, databaseEnabled=false, handlesAlerts=true, hasTouchScreen=false, version=79.0.3945.88, platform=XP, browserConnectionEnabled=false, nativeEvents=true, acceptSslCerts=false, acceptInsecureCerts=false, locationContextEnabled=true, webStorageEnabled=true, browserName=chrome, takesScreenshot=true, javascriptEnabled=true, cssSelectorsEnabled=true, setWindowRect=true, unexpectedAlertBehaviour=}]
Session ID: 99f12ff3c91145b3f14123d1892129b1
	at org.openqa.selenium.remote.ErrorHandler.createThrowable(ErrorHandler.java:216)
	at org.openqa.selenium.remote.ErrorHandler.throwIfResponseFailed(ErrorHandler.java:168)
	at org.openqa.selenium.remote.RemoteWebDriver.execute(RemoteWebDriver.java:635)
	at org.openqa.selenium.remote.RemoteWebElement.execute(RemoteWebElement.java:274)
	at org.openqa.selenium.remote.RemoteWebElement.click(RemoteWebElement.java:84)
	at timesheetauto.timesheetauto1.VerifyCompanyProfileCancelButtonTest(timesheetauto1.java:76)
... Removed 29 stack frames]]>
    </failure>
  </testcase> <!-- VerifyCompanyProfileCancelButtonTest -->
  <testcase name="VerifyCompanyProfileSaveButtonTest" time="0.542" classname="timesheetauto.timesheetauto1"/>
  <testcase name="DetailButtonTest" time="3.148" classname="timesheetauto.CompanyProfile"/>
  <testcase name="EditButtonTest" time="2.603" classname="timesheetauto.CompanyProfile"/>
  <testcase name="CompanyInfoSaveButtonTest" time="2.795" classname="timesheetauto.CompanyProfile"/>
  <testcase name="CompanyProfileSaveButtonTest" time="2.972" classname="timesheetauto.CompanyProfile"/>
  <testcase name="CompanyInfoCancelButtonTest" time="2.732" classname="timesheetauto.CompanyProfile"/>
  <testcase name="CompanyProfileCancelButtonTest" time="3.039" classname="timesheetauto.CompanyProfile"/>
  <testcase name="CompanyInfoFieldsTest" time="3.135" classname="timesheetauto.CompanyProfile"/>
  <testcase name="homePageLoadTest" time="0.009" classname="timesheetauto.LoginPage"/>
</testsuite> <!-- Test -->
